<?xml version="1.0" encoding="UTF-8"?>
<!-- Generated by org.testng.reporters.JUnitReportReporter -->
<testsuite hostname="IXC1-LT6QQQ3X2" failures="0" tests="3" name="com.inetbanking.qa.testcases.PracticeFormPageTest" time="94.864" errors="0" timestamp="2021-08-26T14:53:32 IST" skipped="1">
  <testcase classname="com.inetbanking.qa.testcases.PracticeFormPageTest" name="validateStudentRegistrationFormTest" time="47.471"/>
  <system-out/>
  <testcase classname="com.inetbanking.qa.testcases.PracticeFormPageTest" name="validateStudentRegistrationFormTest" time="47.393"/>
  <system-out/>
  <testcase classname="com.inetbanking.qa.testcases.PracticeFormPageTest" name="fillStudentRegistrationFormTest">
    <skipped/>
  </testcase> <!-- fillStudentRegistrationFormTest -->
  <system-out/>
</testsuite> <!-- com.inetbanking.qa.testcases.PracticeFormPageTest -->
