<?xml version="1.0" encoding="UTF-8"?>
<!-- Generated by org.testng.reporters.JUnitReportReporter -->
<testsuite hostname="IXC1-LT6QQQ3X2" failures="0" tests="3" name="com.inetbanking.qa.testcases.LoginPageTest" time="54.694" errors="0" timestamp="25 Aug 2021 13:33:02 GMT" skipped="0">
  <testcase classname="com.inetbanking.qa.testcases.LoginPageTest" name="loginPageTitleTest" time="19.128"/>
  <testcase classname="com.inetbanking.qa.testcases.LoginPageTest" name="loginHeaderTest" time="16.950"/>
  <testcase classname="com.inetbanking.qa.testcases.LoginPageTest" name="loginTest" time="18.616"/>
</testsuite> <!-- com.inetbanking.qa.testcases.LoginPageTest -->
